2024-03-18 08:53:14  INFO - [           main] c.e.T.r.TaskRestControllerTest           : Starting TaskRestControllerTest using Java 21.0.2 with PID 15960 (started by Mohammad.Fareed in C:\Users\Mohammad.Fareed\Desktop\Task0-master-master)
2024-03-18 08:53:14  INFO - [           main] c.e.T.r.TaskRestControllerTest           : No active profile set, falling back to 1 default profile: "default"
2024-03-18 08:53:18  INFO - [           main] c.e.T.r.UserRestControllerTest           : Starting UserRestControllerTest using Java 21.0.2 with PID 15960 (started by Mohammad.Fareed in C:\Users\Mohammad.Fareed\Desktop\Task0-master-master)
2024-03-18 08:53:18  INFO - [           main] c.e.T.r.UserRestControllerTest           : No active profile set, falling back to 1 default profile: "default"
2024-03-18 08:53:22  INFO - [           main] c.e.T.Task0ApplicationTests              : Starting Task0ApplicationTests using Java 21.0.2 with PID 15960 (started by Mohammad.Fareed in C:\Users\Mohammad.Fareed\Desktop\Task0-master-master)
2024-03-18 08:53:22  INFO - [           main] c.e.T.Task0ApplicationTests              : No active profile set, falling back to 1 default profile: "default"
2024-03-18 08:53:29  INFO - [           main] c.e.T.Task0ApplicationTests              : Started Task0ApplicationTests in 7.114 seconds (process running for 20.405)
2024-03-18 08:55:21  INFO - [           main] c.e.T.r.TaskRestControllerTest           : Starting TaskRestControllerTest using Java 21.0.2 with PID 11160 (started by Mohammad.Fareed in C:\Users\Mohammad.Fareed\Desktop\Task0-master-master)
2024-03-18 08:55:21  INFO - [           main] c.e.T.r.TaskRestControllerTest           : No active profile set, falling back to 1 default profile: "default"
2024-03-18 08:55:24  INFO - [           main] c.e.T.r.UserRestControllerTest           : Starting UserRestControllerTest using Java 21.0.2 with PID 11160 (started by Mohammad.Fareed in C:\Users\Mohammad.Fareed\Desktop\Task0-master-master)
2024-03-18 08:55:24  INFO - [           main] c.e.T.r.UserRestControllerTest           : No active profile set, falling back to 1 default profile: "default"
2024-03-18 08:55:27  INFO - [           main] c.e.T.Task0ApplicationTests              : Starting Task0ApplicationTests using Java 21.0.2 with PID 11160 (started by Mohammad.Fareed in C:\Users\Mohammad.Fareed\Desktop\Task0-master-master)
2024-03-18 08:55:27  INFO - [           main] c.e.T.Task0ApplicationTests              : No active profile set, falling back to 1 default profile: "default"
2024-03-18 08:55:33  INFO - [           main] c.e.T.Task0ApplicationTests              : Started Task0ApplicationTests in 6.24 seconds (process running for 14.858)
2024-03-18 08:56:55  INFO - [  restartedMain] c.e.T.Task0Application                   : Starting Task0Application using Java 21.0.2 with PID 3188 (C:\Users\Mohammad.Fareed\Desktop\Task0-master-master\target\classes started by Mohammad.Fareed in C:\Users\Mohammad.Fareed\Desktop\Task0-master-master)
2024-03-18 08:56:55  INFO - [  restartedMain] c.e.T.Task0Application                   : No active profile set, falling back to 1 default profile: "default"
2024-03-18 08:56:59  INFO - [  restartedMain] c.e.T.Task0Application                   : Started Task0Application in 4.412 seconds (process running for 5.969)
2024-03-18 08:57:16  INFO - [  restartedMain] c.e.T.Task0Application                   : Starting Task0Application using Java 21.0.2 with PID 3188 (C:\Users\Mohammad.Fareed\Desktop\Task0-master-master\target\classes started by Mohammad.Fareed in C:\Users\Mohammad.Fareed\Desktop\Task0-master-master)
2024-03-18 08:57:16  INFO - [  restartedMain] c.e.T.Task0Application                   : No active profile set, falling back to 1 default profile: "default"
2024-03-18 08:57:18  INFO - [  restartedMain] c.e.T.Task0Application                   : Started Task0Application in 1.292 seconds (process running for 24.146)
2024-03-18 08:57:24  INFO - [  restartedMain] c.e.T.Task0Application                   : Starting Task0Application using Java 21.0.2 with PID 3188 (C:\Users\Mohammad.Fareed\Desktop\Task0-master-master\target\classes started by Mohammad.Fareed in C:\Users\Mohammad.Fareed\Desktop\Task0-master-master)
2024-03-18 08:57:24  INFO - [  restartedMain] c.e.T.Task0Application                   : No active profile set, falling back to 1 default profile: "default"
2024-03-18 08:57:54  INFO - [  restartedMain] c.e.T.Task0Application                   : Starting Task0Application using Java 21.0.2 with PID 3188 (C:\Users\Mohammad.Fareed\Desktop\Task0-master-master\target\classes started by Mohammad.Fareed in C:\Users\Mohammad.Fareed\Desktop\Task0-master-master)
2024-03-18 08:57:54  INFO - [  restartedMain] c.e.T.Task0Application                   : No active profile set, falling back to 1 default profile: "default"
2024-03-18 08:58:01  INFO - [           main] c.e.T.r.TaskRestControllerTest           : Starting TaskRestControllerTest using Java 21.0.2 with PID 9128 (started by Mohammad.Fareed in C:\Users\Mohammad.Fareed\Desktop\Task0-master-master)
2024-03-18 08:58:01  INFO - [           main] c.e.T.r.TaskRestControllerTest           : No active profile set, falling back to 1 default profile: "default"
2024-03-18 08:58:05  INFO - [           main] c.e.T.r.UserRestControllerTest           : Starting UserRestControllerTest using Java 21.0.2 with PID 9128 (started by Mohammad.Fareed in C:\Users\Mohammad.Fareed\Desktop\Task0-master-master)
2024-03-18 08:58:05  INFO - [           main] c.e.T.r.UserRestControllerTest           : No active profile set, falling back to 1 default profile: "default"
2024-03-18 08:58:08  INFO - [           main] c.e.T.Task0ApplicationTests              : Starting Task0ApplicationTests using Java 21.0.2 with PID 9128 (started by Mohammad.Fareed in C:\Users\Mohammad.Fareed\Desktop\Task0-master-master)
2024-03-18 08:58:08  INFO - [           main] c.e.T.Task0ApplicationTests              : No active profile set, falling back to 1 default profile: "default"
2024-03-18 08:58:14  INFO - [           main] c.e.T.Task0ApplicationTests              : Started Task0ApplicationTests in 6.159 seconds (process running for 16.122)
2024-03-18 09:10:40  INFO - [  restartedMain] c.e.T.Task0Application                   : Starting Task0Application using Java 21.0.2 with PID 8860 (C:\Users\Mohammad.Fareed\Desktop\Task0-master-master\target\classes started by Mohammad.Fareed in C:\Users\Mohammad.Fareed\Desktop\Task0-master-master)
2024-03-18 09:10:40  INFO - [  restartedMain] c.e.T.Task0Application                   : No active profile set, falling back to 1 default profile: "default"
2024-03-18 09:10:45  INFO - [  restartedMain] c.e.T.Task0Application                   : Started Task0Application in 4.559 seconds (process running for 5.86)
2024-03-18 09:32:51  INFO - [  restartedMain] c.e.T.Task0Application                   : Starting Task0Application using Java 21.0.2 with PID 8604 (C:\Users\Mohammad.Fareed\Desktop\Task0-master-master\target\classes started by Mohammad.Fareed in C:\Users\Mohammad.Fareed\Desktop\Task0-master-master)
2024-03-18 09:32:51  INFO - [  restartedMain] c.e.T.Task0Application                   : No active profile set, falling back to 1 default profile: "default"
2024-03-18 09:32:58  INFO - [  restartedMain] c.e.T.Task0Application                   : Started Task0Application in 7.555 seconds (process running for 9.109)
2024-03-18 09:33:17  INFO - [nio-8080-exec-1] c.e.T.Task0Application                   : User with Id:1 is found
2024-03-18 09:33:21  INFO - [nio-8080-exec-3] c.e.T.Task0Application                   : User with Id:1 is found
2024-03-18 09:37:01  INFO - [  restartedMain] c.e.T.Task0Application                   : Starting Task0Application using Java 21.0.2 with PID 8604 (C:\Users\Mohammad.Fareed\Desktop\Task0-master-master\target\classes started by Mohammad.Fareed in C:\Users\Mohammad.Fareed\Desktop\Task0-master-master)
2024-03-18 09:37:01  INFO - [  restartedMain] c.e.T.Task0Application                   : No active profile set, falling back to 1 default profile: "default"
2024-03-18 09:37:12  INFO - [  restartedMain] c.e.T.Task0Application                   : Starting Task0Application using Java 21.0.2 with PID 8604 (C:\Users\Mohammad.Fareed\Desktop\Task0-master-master\target\classes started by Mohammad.Fareed in C:\Users\Mohammad.Fareed\Desktop\Task0-master-master)
2024-03-18 09:37:12  INFO - [  restartedMain] c.e.T.Task0Application                   : No active profile set, falling back to 1 default profile: "default"
2024-03-18 09:37:38  INFO - [  restartedMain] c.e.T.Task0Application                   : Starting Task0Application using Java 21.0.2 with PID 8604 (C:\Users\Mohammad.Fareed\Desktop\Task0-master-master\target\classes started by Mohammad.Fareed in C:\Users\Mohammad.Fareed\Desktop\Task0-master-master)
2024-03-18 09:37:38  INFO - [  restartedMain] c.e.T.Task0Application                   : No active profile set, falling back to 1 default profile: "default"
2024-03-18 09:37:56  INFO - [  restartedMain] c.e.T.Task0Application                   : Starting Task0Application using Java 21.0.2 with PID 14804 (C:\Users\Mohammad.Fareed\Desktop\Task0-master-master\target\classes started by Mohammad.Fareed in C:\Users\Mohammad.Fareed\Desktop\Task0-master-master)
2024-03-18 09:37:56  INFO - [  restartedMain] c.e.T.Task0Application                   : No active profile set, falling back to 1 default profile: "default"
2024-03-18 09:38:27  INFO - [  restartedMain] c.e.T.Task0Application                   : Starting Task0Application using Java 21.0.2 with PID 15220 (C:\Users\Mohammad.Fareed\Desktop\Task0-master-master\target\classes started by Mohammad.Fareed in C:\Users\Mohammad.Fareed\Desktop\Task0-master-master)
2024-03-18 09:38:27  INFO - [  restartedMain] c.e.T.Task0Application                   : No active profile set, falling back to 1 default profile: "default"
2024-03-18 09:39:03  INFO - [  restartedMain] c.e.T.Task0Application                   : Starting Task0Application using Java 21.0.2 with PID 3752 (C:\Users\Mohammad.Fareed\Desktop\Task0-master-master\target\classes started by Mohammad.Fareed in C:\Users\Mohammad.Fareed\Desktop\Task0-master-master)
2024-03-18 09:39:03  INFO - [  restartedMain] c.e.T.Task0Application                   : No active profile set, falling back to 1 default profile: "default"
2024-03-18 09:39:11  INFO - [  restartedMain] c.e.T.Task0Application                   : Starting Task0Application using Java 21.0.2 with PID 1552 (C:\Users\Mohammad.Fareed\Desktop\Task0-master-master\target\classes started by Mohammad.Fareed in C:\Users\Mohammad.Fareed\Desktop\Task0-master-master)
2024-03-18 09:39:11  INFO - [  restartedMain] c.e.T.Task0Application                   : No active profile set, falling back to 1 default profile: "default"
2024-03-18 09:39:15  INFO - [  restartedMain] c.e.T.Task0Application                   : Started Task0Application in 4.638 seconds (process running for 5.883)
2024-03-18 09:48:56  INFO - [  restartedMain] c.e.T.Task0Application                   : Starting Task0Application using Java 21.0.2 with PID 1552 (C:\Users\Mohammad.Fareed\Desktop\Task0-master-master\target\classes started by Mohammad.Fareed in C:\Users\Mohammad.Fareed\Desktop\Task0-master-master)
2024-03-18 09:48:56  INFO - [  restartedMain] c.e.T.Task0Application                   : No active profile set, falling back to 1 default profile: "default"
2024-03-18 09:48:57  INFO - [  restartedMain] c.e.T.Task0Application                   : Started Task0Application in 1.127 seconds (process running for 587.554)
2024-03-18 09:49:12  INFO - [  restartedMain] c.e.T.Task0Application                   : Starting Task0Application using Java 21.0.2 with PID 3488 (C:\Users\Mohammad.Fareed\Desktop\Task0-master-master\target\classes started by Mohammad.Fareed in C:\Users\Mohammad.Fareed\Desktop\Task0-master-master)
2024-03-18 09:49:12  INFO - [  restartedMain] c.e.T.Task0Application                   : No active profile set, falling back to 1 default profile: "default"
2024-03-18 09:49:17  INFO - [  restartedMain] c.e.T.Task0Application                   : Started Task0Application in 4.983 seconds (process running for 6.304)
2024-03-18 09:53:41  INFO - [nio-8080-exec-5] c.e.T.Task0Application                   : New user was inserted
2024-03-18 09:55:19  INFO - [nio-8080-exec-7] c.e.T.Task0Application                   : New user was inserted
2024-03-18 09:56:36  INFO - [nio-8080-exec-9] c.e.T.Task0Application                   : Tasks are showed
2024-03-18 09:56:46  INFO - [io-8080-exec-10] c.e.T.Task0Application                   : User with Id:1 is found
2024-03-18 10:57:10  INFO - [  restartedMain] c.e.T.Task0Application                   : Starting Task0Application using Java 21.0.2 with PID 6256 (C:\Users\Mohammad.Fareed\Desktop\Task0-master-master\target\classes started by Mohammad.Fareed in C:\Users\Mohammad.Fareed\Desktop\Task0-master-master)
2024-03-18 10:57:10  INFO - [  restartedMain] c.e.T.Task0Application                   : No active profile set, falling back to 1 default profile: "default"
2024-03-18 10:57:19  INFO - [  restartedMain] c.e.T.Task0Application                   : Starting Task0Application using Java 21.0.2 with PID 11764 (C:\Users\Mohammad.Fareed\Desktop\Task0-master-master\target\classes started by Mohammad.Fareed in C:\Users\Mohammad.Fareed\Desktop\Task0-master-master)
2024-03-18 10:57:19  INFO - [  restartedMain] c.e.T.Task0Application                   : No active profile set, falling back to 1 default profile: "default"
2024-03-18 10:57:55  INFO - [  restartedMain] c.e.T.Task0Application                   : Starting Task0Application using Java 21.0.2 with PID 6492 (C:\Users\Mohammad.Fareed\Desktop\Task0-master-master\target\classes started by Mohammad.Fareed in C:\Users\Mohammad.Fareed\Desktop\Task0-master-master)
2024-03-18 10:57:55  INFO - [  restartedMain] c.e.T.Task0Application                   : No active profile set, falling back to 1 default profile: "default"
2024-03-18 10:57:59  INFO - [  restartedMain] c.e.T.Task0Application                   : Started Task0Application in 4.36 seconds (process running for 5.537)
2024-03-18 10:58:20  INFO - [nio-8080-exec-1] c.e.T.Task0Application                   : User with Id:1 is found
2024-03-18 10:58:50  INFO - [nio-8080-exec-3] c.e.T.Task0Application                   : User with Id:1 is updated
2024-03-18 11:06:18  INFO - [  restartedMain] c.e.T.Task0Application                   : Starting Task0Application using Java 21.0.2 with PID 6492 (C:\Users\Mohammad.Fareed\Desktop\Task0-master-master\target\classes started by Mohammad.Fareed in C:\Users\Mohammad.Fareed\Desktop\Task0-master-master)
2024-03-18 11:06:18  INFO - [  restartedMain] c.e.T.Task0Application                   : No active profile set, falling back to 1 default profile: "default"
2024-03-18 11:06:20  INFO - [  restartedMain] c.e.T.Task0Application                   : Starting Task0Application using Java 21.0.2 with PID 6492 (C:\Users\Mohammad.Fareed\Desktop\Task0-master-master\target\classes started by Mohammad.Fareed in C:\Users\Mohammad.Fareed\Desktop\Task0-master-master)
2024-03-18 11:06:20  INFO - [  restartedMain] c.e.T.Task0Application                   : No active profile set, falling back to 1 default profile: "default"
2024-03-18 11:06:21  INFO - [  restartedMain] c.e.T.Task0Application                   : Started Task0Application in 1.147 seconds (process running for 507.734)
2024-03-18 11:06:32  INFO - [nio-8080-exec-1] c.e.T.Task0Application                   : User with Id:1 is updated
2024-03-18 11:07:19  INFO - [  restartedMain] c.e.T.Task0Application                   : Starting Task0Application using Java 21.0.2 with PID 6492 (C:\Users\Mohammad.Fareed\Desktop\Task0-master-master\target\classes started by Mohammad.Fareed in C:\Users\Mohammad.Fareed\Desktop\Task0-master-master)
2024-03-18 11:07:19  INFO - [  restartedMain] c.e.T.Task0Application                   : No active profile set, falling back to 1 default profile: "default"
2024-03-18 11:07:21  INFO - [  restartedMain] c.e.T.Task0Application                   : Starting Task0Application using Java 21.0.2 with PID 6492 (C:\Users\Mohammad.Fareed\Desktop\Task0-master-master\target\classes started by Mohammad.Fareed in C:\Users\Mohammad.Fareed\Desktop\Task0-master-master)
2024-03-18 11:07:21  INFO - [  restartedMain] c.e.T.Task0Application                   : No active profile set, falling back to 1 default profile: "default"
2024-03-18 11:07:22  INFO - [  restartedMain] c.e.T.Task0Application                   : Started Task0Application in 1.155 seconds (process running for 568.654)
2024-03-18 11:07:33  INFO - [nio-8080-exec-3] c.e.T.Task0Application                   : User with Id:1 is updated
2024-03-18 11:10:09  INFO - [  restartedMain] c.e.T.Task0Application                   : Starting Task0Application using Java 21.0.2 with PID 6492 (C:\Users\Mohammad.Fareed\Desktop\Task0-master-master\target\classes started by Mohammad.Fareed in C:\Users\Mohammad.Fareed\Desktop\Task0-master-master)
2024-03-18 11:10:09  INFO - [  restartedMain] c.e.T.Task0Application                   : No active profile set, falling back to 1 default profile: "default"
2024-03-18 11:10:11  INFO - [  restartedMain] c.e.T.Task0Application                   : Starting Task0Application using Java 21.0.2 with PID 6492 (C:\Users\Mohammad.Fareed\Desktop\Task0-master-master\target\classes started by Mohammad.Fareed in C:\Users\Mohammad.Fareed\Desktop\Task0-master-master)
2024-03-18 11:10:11  INFO - [  restartedMain] c.e.T.Task0Application                   : No active profile set, falling back to 1 default profile: "default"
2024-03-18 11:10:12  INFO - [  restartedMain] c.e.T.Task0Application                   : Started Task0Application in 0.99 seconds (process running for 738.343)
2024-03-18 11:29:28  INFO - [  restartedMain] c.e.T.Task0Application                   : Starting Task0Application using Java 21.0.2 with PID 6492 (C:\Users\Mohammad.Fareed\Desktop\Task0-master-master\target\classes started by Mohammad.Fareed in C:\Users\Mohammad.Fareed\Desktop\Task0-master-master)
2024-03-18 11:29:28  INFO - [  restartedMain] c.e.T.Task0Application                   : No active profile set, falling back to 1 default profile: "default"
2024-03-18 11:29:29  INFO - [  restartedMain] c.e.T.Task0Application                   : Started Task0Application in 1.17 seconds (process running for 1895.151)
2024-03-18 11:29:55  INFO - [  restartedMain] c.e.T.Task0Application                   : Starting Task0Application using Java 21.0.2 with PID 6492 (C:\Users\Mohammad.Fareed\Desktop\Task0-master-master\target\classes started by Mohammad.Fareed in C:\Users\Mohammad.Fareed\Desktop\Task0-master-master)
2024-03-18 11:29:55  INFO - [  restartedMain] c.e.T.Task0Application                   : No active profile set, falling back to 1 default profile: "default"
2024-03-18 11:29:56  INFO - [  restartedMain] c.e.T.Task0Application                   : Started Task0Application in 1.024 seconds (process running for 1922.549)
2024-03-18 11:32:06  INFO - [  restartedMain] c.e.T.Task0Application                   : Starting Task0Application using Java 21.0.2 with PID 6492 (C:\Users\Mohammad.Fareed\Desktop\Task0-master-master\target\classes started by Mohammad.Fareed in C:\Users\Mohammad.Fareed\Desktop\Task0-master-master)
2024-03-18 11:32:06  INFO - [  restartedMain] c.e.T.Task0Application                   : No active profile set, falling back to 1 default profile: "default"
2024-03-18 11:32:07  INFO - [  restartedMain] c.e.T.Task0Application                   : Started Task0Application in 0.963 seconds (process running for 2052.774)
2024-03-18 11:36:42  INFO - [  restartedMain] c.e.T.Task0Application                   : Starting Task0Application using Java 21.0.2 with PID 6492 (C:\Users\Mohammad.Fareed\Desktop\Task0-master-master\target\classes started by Mohammad.Fareed in C:\Users\Mohammad.Fareed\Desktop\Task0-master-master)
2024-03-18 11:36:42  INFO - [  restartedMain] c.e.T.Task0Application                   : No active profile set, falling back to 1 default profile: "default"
2024-03-18 11:36:43  INFO - [  restartedMain] c.e.T.Task0Application                   : Started Task0Application in 0.903 seconds (process running for 2329.094)
2024-03-18 11:42:02  INFO - [  restartedMain] c.e.T.Task0Application                   : Starting Task0Application using Java 21.0.2 with PID 6492 (C:\Users\Mohammad.Fareed\Desktop\Task0-master-master\target\classes started by Mohammad.Fareed in C:\Users\Mohammad.Fareed\Desktop\Task0-master-master)
2024-03-18 11:42:02  INFO - [  restartedMain] c.e.T.Task0Application                   : No active profile set, falling back to 1 default profile: "default"
2024-03-18 11:47:45  INFO - [  restartedMain] c.e.T.Task0Application                   : Starting Task0Application using Java 21.0.2 with PID 6492 (C:\Users\Mohammad.Fareed\Desktop\Task0-master-master\target\classes started by Mohammad.Fareed in C:\Users\Mohammad.Fareed\Desktop\Task0-master-master)
2024-03-18 11:47:45  INFO - [  restartedMain] c.e.T.Task0Application                   : No active profile set, falling back to 1 default profile: "default"
2024-03-18 11:50:47  INFO - [  restartedMain] c.e.T.Task0Application                   : Starting Task0Application using Java 21.0.2 with PID 6492 (C:\Users\Mohammad.Fareed\Desktop\Task0-master-master\target\classes started by Mohammad.Fareed in C:\Users\Mohammad.Fareed\Desktop\Task0-master-master)
2024-03-18 11:50:47  INFO - [  restartedMain] c.e.T.Task0Application                   : No active profile set, falling back to 1 default profile: "default"
2024-03-18 11:50:51  INFO - [  restartedMain] c.e.T.Task0Application                   : Starting Task0Application using Java 21.0.2 with PID 6492 (C:\Users\Mohammad.Fareed\Desktop\Task0-master-master\target\classes started by Mohammad.Fareed in C:\Users\Mohammad.Fareed\Desktop\Task0-master-master)
2024-03-18 11:50:51  INFO - [  restartedMain] c.e.T.Task0Application                   : No active profile set, falling back to 1 default profile: "default"
2024-03-18 11:51:28  INFO - [  restartedMain] c.e.T.Task0Application                   : Starting Task0Application using Java 21.0.2 with PID 6492 (C:\Users\Mohammad.Fareed\Desktop\Task0-master-master\target\classes started by Mohammad.Fareed in C:\Users\Mohammad.Fareed\Desktop\Task0-master-master)
2024-03-18 11:51:28  INFO - [  restartedMain] c.e.T.Task0Application                   : No active profile set, falling back to 1 default profile: "default"
2024-03-18 11:51:36  INFO - [  restartedMain] c.e.T.Task0Application                   : Starting Task0Application using Java 21.0.2 with PID 6492 (C:\Users\Mohammad.Fareed\Desktop\Task0-master-master\target\classes started by Mohammad.Fareed in C:\Users\Mohammad.Fareed\Desktop\Task0-master-master)
2024-03-18 11:51:36  INFO - [  restartedMain] c.e.T.Task0Application                   : No active profile set, falling back to 1 default profile: "default"
2024-03-18 11:51:38  INFO - [  restartedMain] c.e.T.Task0Application                   : Starting Task0Application using Java 21.0.2 with PID 6492 (C:\Users\Mohammad.Fareed\Desktop\Task0-master-master\target\classes started by Mohammad.Fareed in C:\Users\Mohammad.Fareed\Desktop\Task0-master-master)
2024-03-18 11:51:38  INFO - [  restartedMain] c.e.T.Task0Application                   : No active profile set, falling back to 1 default profile: "default"
2024-03-18 11:52:06  INFO - [  restartedMain] c.e.T.Task0Application                   : Starting Task0Application using Java 21.0.2 with PID 6492 (C:\Users\Mohammad.Fareed\Desktop\Task0-master-master\target\classes started by Mohammad.Fareed in C:\Users\Mohammad.Fareed\Desktop\Task0-master-master)
2024-03-18 11:52:06  INFO - [  restartedMain] c.e.T.Task0Application                   : No active profile set, falling back to 1 default profile: "default"
2024-03-18 11:52:08  INFO - [  restartedMain] c.e.T.Task0Application                   : Starting Task0Application using Java 21.0.2 with PID 6492 (C:\Users\Mohammad.Fareed\Desktop\Task0-master-master\target\classes started by Mohammad.Fareed in C:\Users\Mohammad.Fareed\Desktop\Task0-master-master)
2024-03-18 11:52:08  INFO - [  restartedMain] c.e.T.Task0Application                   : No active profile set, falling back to 1 default profile: "default"
2024-03-18 11:53:31  INFO - [  restartedMain] c.e.T.Task0Application                   : Starting Task0Application using Java 21.0.2 with PID 6492 (C:\Users\Mohammad.Fareed\Desktop\Task0-master-master\target\classes started by Mohammad.Fareed in C:\Users\Mohammad.Fareed\Desktop\Task0-master-master)
2024-03-18 11:53:31  INFO - [  restartedMain] c.e.T.Task0Application                   : No active profile set, falling back to 1 default profile: "default"
2024-03-18 11:53:34  INFO - [  restartedMain] c.e.T.Task0Application                   : Starting Task0Application using Java 21.0.2 with PID 6492 (C:\Users\Mohammad.Fareed\Desktop\Task0-master-master\target\classes started by Mohammad.Fareed in C:\Users\Mohammad.Fareed\Desktop\Task0-master-master)
2024-03-18 11:53:34  INFO - [  restartedMain] c.e.T.Task0Application                   : No active profile set, falling back to 1 default profile: "default"
2024-03-18 11:54:39  INFO - [  restartedMain] c.e.T.Task0Application                   : Starting Task0Application using Java 21.0.2 with PID 6492 (C:\Users\Mohammad.Fareed\Desktop\Task0-master-master\target\classes started by Mohammad.Fareed in C:\Users\Mohammad.Fareed\Desktop\Task0-master-master)
2024-03-18 11:54:39  INFO - [  restartedMain] c.e.T.Task0Application                   : No active profile set, falling back to 1 default profile: "default"
2024-03-18 11:54:41  INFO - [  restartedMain] c.e.T.Task0Application                   : Starting Task0Application using Java 21.0.2 with PID 6492 (C:\Users\Mohammad.Fareed\Desktop\Task0-master-master\target\classes started by Mohammad.Fareed in C:\Users\Mohammad.Fareed\Desktop\Task0-master-master)
2024-03-18 11:54:41  INFO - [  restartedMain] c.e.T.Task0Application                   : No active profile set, falling back to 1 default profile: "default"
2024-03-18 11:55:07  INFO - [  restartedMain] c.e.T.Task0Application                   : Starting Task0Application using Java 21.0.2 with PID 17716 (C:\Users\Mohammad.Fareed\Desktop\Task0-master-master\target\classes started by Mohammad.Fareed in C:\Users\Mohammad.Fareed\Desktop\Task0-master-master)
2024-03-18 11:55:07  INFO - [  restartedMain] c.e.T.Task0Application                   : No active profile set, falling back to 1 default profile: "default"
2024-03-18 12:06:25  INFO - [  restartedMain] c.e.T.Task0Application                   : Starting Task0Application using Java 21.0.2 with PID 12056 (C:\Users\Mohammad.Fareed\Desktop\Task0-master-master\target\classes started by Mohammad.Fareed in C:\Users\Mohammad.Fareed\Desktop\Task0-master-master)
2024-03-18 12:06:25  INFO - [  restartedMain] c.e.T.Task0Application                   : No active profile set, falling back to 1 default profile: "default"
2024-03-18 12:08:53  INFO - [  restartedMain] c.e.T.Task0Application                   : Starting Task0Application using Java 21.0.2 with PID 600 (C:\Users\Mohammad.Fareed\Desktop\Task0-master-master\target\classes started by Mohammad.Fareed in C:\Users\Mohammad.Fareed\Desktop\Task0-master-master)
2024-03-18 12:08:53  INFO - [  restartedMain] c.e.T.Task0Application                   : No active profile set, falling back to 1 default profile: "default"
2024-03-18 12:08:58  INFO - [  restartedMain] c.e.T.Task0Application                   : Started Task0Application in 5.612 seconds (process running for 6.852)
2024-03-18 12:09:27  INFO - [nio-8080-exec-2] c.e.T.Task0Application                   : User with Id:1 is updated
2024-03-18 12:12:37  INFO - [  restartedMain] c.e.T.Task0Application                   : Starting Task0Application using Java 21.0.2 with PID 600 (C:\Users\Mohammad.Fareed\Desktop\Task0-master-master\target\classes started by Mohammad.Fareed in C:\Users\Mohammad.Fareed\Desktop\Task0-master-master)
2024-03-18 12:12:37  INFO - [  restartedMain] c.e.T.Task0Application                   : No active profile set, falling back to 1 default profile: "default"
2024-03-18 12:12:39  INFO - [  restartedMain] c.e.T.Task0Application                   : Started Task0Application in 1.347 seconds (process running for 227.584)
2024-03-18 12:12:40  INFO - [  restartedMain] c.e.T.Task0Application                   : Starting Task0Application using Java 21.0.2 with PID 600 (C:\Users\Mohammad.Fareed\Desktop\Task0-master-master\target\classes started by Mohammad.Fareed in C:\Users\Mohammad.Fareed\Desktop\Task0-master-master)
2024-03-18 12:12:40  INFO - [  restartedMain] c.e.T.Task0Application                   : No active profile set, falling back to 1 default profile: "default"
2024-03-18 12:17:16  INFO - [  restartedMain] c.e.T.Task0Application                   : Starting Task0Application using Java 21.0.2 with PID 600 (C:\Users\Mohammad.Fareed\Desktop\Task0-master-master\target\classes started by Mohammad.Fareed in C:\Users\Mohammad.Fareed\Desktop\Task0-master-master)
2024-03-18 12:17:16  INFO - [  restartedMain] c.e.T.Task0Application                   : No active profile set, falling back to 1 default profile: "default"
2024-03-18 12:17:19  INFO - [  restartedMain] c.e.T.Task0Application                   : Starting Task0Application using Java 21.0.2 with PID 600 (C:\Users\Mohammad.Fareed\Desktop\Task0-master-master\target\classes started by Mohammad.Fareed in C:\Users\Mohammad.Fareed\Desktop\Task0-master-master)
2024-03-18 12:17:19  INFO - [  restartedMain] c.e.T.Task0Application                   : No active profile set, falling back to 1 default profile: "default"
2024-03-18 12:17:20  INFO - [  restartedMain] c.e.T.Task0Application                   : Started Task0Application in 1.216 seconds (process running for 508.85)
2024-03-18 12:17:57  INFO - [  restartedMain] c.e.T.Task0Application                   : Starting Task0Application using Java 21.0.2 with PID 16284 (C:\Users\Mohammad.Fareed\Desktop\Task0-master-master\target\classes started by Mohammad.Fareed in C:\Users\Mohammad.Fareed\Desktop\Task0-master-master)
2024-03-18 12:17:57  INFO - [  restartedMain] c.e.T.Task0Application                   : No active profile set, falling back to 1 default profile: "default"
2024-03-18 12:18:02  INFO - [  restartedMain] c.e.T.Task0Application                   : Started Task0Application in 4.569 seconds (process running for 5.82)
2024-03-18 12:18:13  INFO - [nio-8080-exec-4] c.e.T.Task0Application                   : User with Id:1 is updated
2024-03-18 12:18:48  INFO - [nio-8080-exec-6] c.e.T.Task0Application                   : User with Id:1 is updated
2024-03-18 12:19:24  INFO - [nio-8080-exec-7] c.e.T.Task0Application                   : User with Id:1 is found
2024-03-18 12:20:54  INFO - [  restartedMain] c.e.T.Task0Application                   : Starting Task0Application using Java 21.0.2 with PID 16284 (C:\Users\Mohammad.Fareed\Desktop\Task0-master-master\target\classes started by Mohammad.Fareed in C:\Users\Mohammad.Fareed\Desktop\Task0-master-master)
2024-03-18 12:20:54  INFO - [  restartedMain] c.e.T.Task0Application                   : No active profile set, falling back to 1 default profile: "default"
2024-03-18 12:21:14  INFO - [  restartedMain] c.e.T.Task0Application                   : Starting Task0Application using Java 21.0.2 with PID 16284 (C:\Users\Mohammad.Fareed\Desktop\Task0-master-master\target\classes started by Mohammad.Fareed in C:\Users\Mohammad.Fareed\Desktop\Task0-master-master)
2024-03-18 12:21:14  INFO - [  restartedMain] c.e.T.Task0Application                   : No active profile set, falling back to 1 default profile: "default"
2024-03-18 12:21:16  INFO - [  restartedMain] c.e.T.Task0Application                   : Started Task0Application in 1.277 seconds (process running for 199.797)
2024-03-18 12:24:47  INFO - [  restartedMain] c.e.T.Task0Application                   : Starting Task0Application using Java 21.0.2 with PID 16284 (C:\Users\Mohammad.Fareed\Desktop\Task0-master-master\target\classes started by Mohammad.Fareed in C:\Users\Mohammad.Fareed\Desktop\Task0-master-master)
2024-03-18 12:24:47  INFO - [  restartedMain] c.e.T.Task0Application                   : No active profile set, falling back to 1 default profile: "default"
2024-03-18 12:24:48  INFO - [  restartedMain] c.e.T.Task0Application                   : Started Task0Application in 1.298 seconds (process running for 412.136)
2024-03-18 12:24:49  INFO - [  restartedMain] c.e.T.Task0Application                   : Starting Task0Application using Java 21.0.2 with PID 16284 (C:\Users\Mohammad.Fareed\Desktop\Task0-master-master\target\classes started by Mohammad.Fareed in C:\Users\Mohammad.Fareed\Desktop\Task0-master-master)
2024-03-18 12:24:49  INFO - [  restartedMain] c.e.T.Task0Application                   : No active profile set, falling back to 1 default profile: "default"
2024-03-18 12:24:50  INFO - [  restartedMain] c.e.T.Task0Application                   : Started Task0Application in 0.97 seconds (process running for 414.618)
2024-03-18 12:26:28  INFO - [  restartedMain] c.e.T.Task0Application                   : Starting Task0Application using Java 21.0.2 with PID 16284 (C:\Users\Mohammad.Fareed\Desktop\Task0-master-master\target\classes started by Mohammad.Fareed in C:\Users\Mohammad.Fareed\Desktop\Task0-master-master)
2024-03-18 12:26:28  INFO - [  restartedMain] c.e.T.Task0Application                   : No active profile set, falling back to 1 default profile: "default"
2024-03-18 12:26:29  INFO - [  restartedMain] c.e.T.Task0Application                   : Started Task0Application in 1.042 seconds (process running for 513.415)
2024-03-18 12:26:38  INFO - [nio-8080-exec-2] c.e.T.Task0Application                   : User with Id:1 is updated
2024-03-18 12:27:01  INFO - [nio-8080-exec-3] c.e.T.Task0Application                   : User with Id:1 is updated
2024-03-18 12:27:03  INFO - [nio-8080-exec-4] c.e.T.Task0Application                   : User with Id:1 is updated
2024-03-18 12:28:40  INFO - [  restartedMain] c.e.T.Task0Application                   : Starting Task0Application using Java 21.0.2 with PID 16284 (C:\Users\Mohammad.Fareed\Desktop\Task0-master-master\target\classes started by Mohammad.Fareed in C:\Users\Mohammad.Fareed\Desktop\Task0-master-master)
2024-03-18 12:28:40  INFO - [  restartedMain] c.e.T.Task0Application                   : No active profile set, falling back to 1 default profile: "default"
2024-03-18 12:28:42  INFO - [  restartedMain] c.e.T.Task0Application                   : Starting Task0Application using Java 21.0.2 with PID 16284 (C:\Users\Mohammad.Fareed\Desktop\Task0-master-master\target\classes started by Mohammad.Fareed in C:\Users\Mohammad.Fareed\Desktop\Task0-master-master)
2024-03-18 12:28:42  INFO - [  restartedMain] c.e.T.Task0Application                   : No active profile set, falling back to 1 default profile: "default"
2024-03-18 12:28:43  INFO - [  restartedMain] c.e.T.Task0Application                   : Started Task0Application in 1.056 seconds (process running for 647.645)
2024-03-18 12:28:55  INFO - [nio-8080-exec-2] c.e.T.Task0Application                   : User with Id:1 is updated
2024-03-18 12:29:21  INFO - [  restartedMain] c.e.T.Task0Application                   : Starting Task0Application using Java 21.0.2 with PID 16284 (C:\Users\Mohammad.Fareed\Desktop\Task0-master-master\target\classes started by Mohammad.Fareed in C:\Users\Mohammad.Fareed\Desktop\Task0-master-master)
2024-03-18 12:29:21  INFO - [  restartedMain] c.e.T.Task0Application                   : No active profile set, falling back to 1 default profile: "default"
2024-03-18 12:29:23  INFO - [  restartedMain] c.e.T.Task0Application                   : Starting Task0Application using Java 21.0.2 with PID 16284 (C:\Users\Mohammad.Fareed\Desktop\Task0-master-master\target\classes started by Mohammad.Fareed in C:\Users\Mohammad.Fareed\Desktop\Task0-master-master)
2024-03-18 12:29:23  INFO - [  restartedMain] c.e.T.Task0Application                   : No active profile set, falling back to 1 default profile: "default"
2024-03-18 12:29:25  INFO - [  restartedMain] c.e.T.Task0Application                   : Started Task0Application in 1.104 seconds (process running for 688.734)
2024-03-18 12:29:28  INFO - [nio-8080-exec-2] c.e.T.Task0Application                   : User with Id:1 is updated
2024-03-18 12:30:11  INFO - [  restartedMain] c.e.T.Task0Application                   : Starting Task0Application using Java 21.0.2 with PID 16284 (C:\Users\Mohammad.Fareed\Desktop\Task0-master-master\target\classes started by Mohammad.Fareed in C:\Users\Mohammad.Fareed\Desktop\Task0-master-master)
2024-03-18 12:30:11  INFO - [  restartedMain] c.e.T.Task0Application                   : No active profile set, falling back to 1 default profile: "default"
2024-03-18 12:30:13  INFO - [  restartedMain] c.e.T.Task0Application                   : Starting Task0Application using Java 21.0.2 with PID 16284 (C:\Users\Mohammad.Fareed\Desktop\Task0-master-master\target\classes started by Mohammad.Fareed in C:\Users\Mohammad.Fareed\Desktop\Task0-master-master)
2024-03-18 12:30:13  INFO - [  restartedMain] c.e.T.Task0Application                   : No active profile set, falling back to 1 default profile: "default"
2024-03-18 12:30:14  INFO - [  restartedMain] c.e.T.Task0Application                   : Started Task0Application in 0.907 seconds (process running for 737.88)
2024-03-18 12:30:18  INFO - [nio-8080-exec-2] c.e.T.Task0Application                   : User with Id:1 is updated
2024-03-18 12:32:20  INFO - [  restartedMain] c.e.T.Task0Application                   : Starting Task0Application using Java 21.0.2 with PID 16284 (C:\Users\Mohammad.Fareed\Desktop\Task0-master-master\target\classes started by Mohammad.Fareed in C:\Users\Mohammad.Fareed\Desktop\Task0-master-master)
2024-03-18 12:32:20  INFO - [  restartedMain] c.e.T.Task0Application                   : No active profile set, falling back to 1 default profile: "default"
2024-03-18 12:32:22  INFO - [  restartedMain] c.e.T.Task0Application                   : Starting Task0Application using Java 21.0.2 with PID 16284 (C:\Users\Mohammad.Fareed\Desktop\Task0-master-master\target\classes started by Mohammad.Fareed in C:\Users\Mohammad.Fareed\Desktop\Task0-master-master)
2024-03-18 12:32:22  INFO - [  restartedMain] c.e.T.Task0Application                   : No active profile set, falling back to 1 default profile: "default"
2024-03-18 12:32:23  INFO - [  restartedMain] c.e.T.Task0Application                   : Started Task0Application in 0.96 seconds (process running for 867.412)
2024-03-18 12:32:35  INFO - [nio-8080-exec-2] c.e.T.Task0Application                   : User with Id:1 is updated
2024-03-18 12:32:48  INFO - [  restartedMain] c.e.T.Task0Application                   : Starting Task0Application using Java 21.0.2 with PID 16284 (C:\Users\Mohammad.Fareed\Desktop\Task0-master-master\target\classes started by Mohammad.Fareed in C:\Users\Mohammad.Fareed\Desktop\Task0-master-master)
2024-03-18 12:32:48  INFO - [  restartedMain] c.e.T.Task0Application                   : No active profile set, falling back to 1 default profile: "default"
2024-03-18 12:32:50  INFO - [  restartedMain] c.e.T.Task0Application                   : Starting Task0Application using Java 21.0.2 with PID 16284 (C:\Users\Mohammad.Fareed\Desktop\Task0-master-master\target\classes started by Mohammad.Fareed in C:\Users\Mohammad.Fareed\Desktop\Task0-master-master)
2024-03-18 12:32:50  INFO - [  restartedMain] c.e.T.Task0Application                   : No active profile set, falling back to 1 default profile: "default"
2024-03-18 12:32:51  INFO - [  restartedMain] c.e.T.Task0Application                   : Started Task0Application in 0.883 seconds (process running for 894.928)
2024-03-18 12:32:56  INFO - [nio-8080-exec-2] c.e.T.Task0Application                   : User with Id:1 is updated
2024-03-18 12:35:39  INFO - [  restartedMain] c.e.T.Task0Application                   : Starting Task0Application using Java 21.0.2 with PID 16284 (C:\Users\Mohammad.Fareed\Desktop\Task0-master-master\target\classes started by Mohammad.Fareed in C:\Users\Mohammad.Fareed\Desktop\Task0-master-master)
2024-03-18 12:35:39  INFO - [  restartedMain] c.e.T.Task0Application                   : No active profile set, falling back to 1 default profile: "default"
2024-03-18 12:35:40  INFO - [  restartedMain] c.e.T.Task0Application                   : Started Task0Application in 1.097 seconds (process running for 1064.543)
2024-03-18 12:35:42  INFO - [  restartedMain] c.e.T.Task0Application                   : Starting Task0Application using Java 21.0.2 with PID 16284 (C:\Users\Mohammad.Fareed\Desktop\Task0-master-master\target\classes started by Mohammad.Fareed in C:\Users\Mohammad.Fareed\Desktop\Task0-master-master)
2024-03-18 12:35:42  INFO - [  restartedMain] c.e.T.Task0Application                   : No active profile set, falling back to 1 default profile: "default"
2024-03-18 12:35:43  INFO - [  restartedMain] c.e.T.Task0Application                   : Started Task0Application in 0.918 seconds (process running for 1066.986)
2024-03-18 12:35:48  INFO - [nio-8080-exec-2] c.e.T.Task0Application                   : User with Id:1 is updated
2024-03-18 12:35:53  INFO - [nio-8080-exec-3] c.e.T.Task0Application                   : User with Id:1 is updated
2024-03-18 12:36:26  INFO - [  restartedMain] c.e.T.Task0Application                   : Starting Task0Application using Java 21.0.2 with PID 16284 (C:\Users\Mohammad.Fareed\Desktop\Task0-master-master\target\classes started by Mohammad.Fareed in C:\Users\Mohammad.Fareed\Desktop\Task0-master-master)
2024-03-18 12:36:26  INFO - [  restartedMain] c.e.T.Task0Application                   : No active profile set, falling back to 1 default profile: "default"
2024-03-18 12:36:28  INFO - [  restartedMain] c.e.T.Task0Application                   : Starting Task0Application using Java 21.0.2 with PID 16284 (C:\Users\Mohammad.Fareed\Desktop\Task0-master-master\target\classes started by Mohammad.Fareed in C:\Users\Mohammad.Fareed\Desktop\Task0-master-master)
2024-03-18 12:36:28  INFO - [  restartedMain] c.e.T.Task0Application                   : No active profile set, falling back to 1 default profile: "default"
2024-03-18 12:36:29  INFO - [  restartedMain] c.e.T.Task0Application                   : Started Task0Application in 0.982 seconds (process running for 1113.367)
2024-03-18 12:36:32  INFO - [nio-8080-exec-2] c.e.T.Task0Application                   : User with Id:1 is updated
2024-03-18 12:42:21  INFO - [  restartedMain] c.e.T.Task0Application                   : Starting Task0Application using Java 21.0.2 with PID 16284 (C:\Users\Mohammad.Fareed\Desktop\Task0-master-master\target\classes started by Mohammad.Fareed in C:\Users\Mohammad.Fareed\Desktop\Task0-master-master)
2024-03-18 12:42:21  INFO - [  restartedMain] c.e.T.Task0Application                   : No active profile set, falling back to 1 default profile: "default"
2024-03-18 12:42:22  INFO - [  restartedMain] c.e.T.Task0Application                   : Started Task0Application in 1.18 seconds (process running for 1466.094)
2024-03-18 12:42:24  INFO - [  restartedMain] c.e.T.Task0Application                   : Starting Task0Application using Java 21.0.2 with PID 16284 (C:\Users\Mohammad.Fareed\Desktop\Task0-master-master\target\classes started by Mohammad.Fareed in C:\Users\Mohammad.Fareed\Desktop\Task0-master-master)
2024-03-18 12:42:24  INFO - [  restartedMain] c.e.T.Task0Application                   : No active profile set, falling back to 1 default profile: "default"
2024-03-18 12:42:24  INFO - [  restartedMain] c.e.T.Task0Application                   : Started Task0Application in 0.825 seconds (process running for 1468.483)
2024-03-18 12:46:02  INFO - [  restartedMain] c.e.T.Task0Application                   : Starting Task0Application using Java 21.0.2 with PID 16284 (C:\Users\Mohammad.Fareed\Desktop\Task0-master-master\target\classes started by Mohammad.Fareed in C:\Users\Mohammad.Fareed\Desktop\Task0-master-master)
2024-03-18 12:46:02  INFO - [  restartedMain] c.e.T.Task0Application                   : No active profile set, falling back to 1 default profile: "default"
2024-03-18 12:46:04  INFO - [  restartedMain] c.e.T.Task0Application                   : Starting Task0Application using Java 21.0.2 with PID 16284 (C:\Users\Mohammad.Fareed\Desktop\Task0-master-master\target\classes started by Mohammad.Fareed in C:\Users\Mohammad.Fareed\Desktop\Task0-master-master)
2024-03-18 12:46:04  INFO - [  restartedMain] c.e.T.Task0Application                   : No active profile set, falling back to 1 default profile: "default"
2024-03-18 12:46:06  INFO - [  restartedMain] c.e.T.Task0Application                   : Started Task0Application in 1.552 seconds (process running for 1689.736)
2024-03-18 12:46:10  INFO - [nio-8080-exec-2] c.e.T.Task0Application                   : User with Id:1 is updated
2024-03-18 12:46:20  INFO - [nio-8080-exec-3] c.e.T.Task0Application                   : User with Id:1 is updated
2024-03-18 12:46:40  INFO - [nio-8080-exec-4] c.e.T.Task0Application                   : User with Id:1 is updated
2024-03-18 12:46:47  INFO - [nio-8080-exec-5] c.e.T.Task0Application                   : User with Id:1 is updated
2024-03-18 12:46:54  INFO - [nio-8080-exec-7] c.e.T.Task0Application                   : User with Id:1 is updated
2024-03-18 12:48:29  INFO - [  restartedMain] c.e.T.Task0Application                   : Starting Task0Application using Java 21.0.2 with PID 16284 (C:\Users\Mohammad.Fareed\Desktop\Task0-master-master\target\classes started by Mohammad.Fareed in C:\Users\Mohammad.Fareed\Desktop\Task0-master-master)
2024-03-18 12:48:29  INFO - [  restartedMain] c.e.T.Task0Application                   : No active profile set, falling back to 1 default profile: "default"
2024-03-18 12:48:31  INFO - [  restartedMain] c.e.T.Task0Application                   : Starting Task0Application using Java 21.0.2 with PID 16284 (C:\Users\Mohammad.Fareed\Desktop\Task0-master-master\target\classes started by Mohammad.Fareed in C:\Users\Mohammad.Fareed\Desktop\Task0-master-master)
2024-03-18 12:48:31  INFO - [  restartedMain] c.e.T.Task0Application                   : No active profile set, falling back to 1 default profile: "default"
2024-03-18 12:48:32  INFO - [  restartedMain] c.e.T.Task0Application                   : Started Task0Application in 1.023 seconds (process running for 1836.644)
2024-03-18 12:48:34  INFO - [nio-8080-exec-2] c.e.T.Task0Application                   : User with Id:1 is updated
2024-03-18 12:48:39  INFO - [nio-8080-exec-3] c.e.T.Task0Application                   : User with Id:1 is updated
2024-03-18 12:48:41  INFO - [nio-8080-exec-4] c.e.T.Task0Application                   : User with Id:1 is updated
2024-03-18 12:48:43  INFO - [nio-8080-exec-5] c.e.T.Task0Application                   : User with Id:1 is updated
2024-03-18 12:48:47  INFO - [nio-8080-exec-6] c.e.T.Task0Application                   : User with Id:1 is updated
2024-03-18 12:49:24  INFO - [  restartedMain] c.e.T.Task0Application                   : Starting Task0Application using Java 21.0.2 with PID 16284 (C:\Users\Mohammad.Fareed\Desktop\Task0-master-master\target\classes started by Mohammad.Fareed in C:\Users\Mohammad.Fareed\Desktop\Task0-master-master)
2024-03-18 12:49:24  INFO - [  restartedMain] c.e.T.Task0Application                   : No active profile set, falling back to 1 default profile: "default"
2024-03-18 12:49:27  INFO - [  restartedMain] c.e.T.Task0Application                   : Starting Task0Application using Java 21.0.2 with PID 16284 (C:\Users\Mohammad.Fareed\Desktop\Task0-master-master\target\classes started by Mohammad.Fareed in C:\Users\Mohammad.Fareed\Desktop\Task0-master-master)
2024-03-18 12:49:27  INFO - [  restartedMain] c.e.T.Task0Application                   : No active profile set, falling back to 1 default profile: "default"
2024-03-18 12:49:27  INFO - [  restartedMain] c.e.T.Task0Application                   : Started Task0Application in 0.957 seconds (process running for 1891.626)
2024-03-18 12:49:30  INFO - [nio-8080-exec-3] c.e.T.Task0Application                   : User with Id:1 is updated
2024-03-18 12:53:10  INFO - [  restartedMain] c.e.T.Task0Application                   : Starting Task0Application using Java 21.0.2 with PID 16284 (C:\Users\Mohammad.Fareed\Desktop\Task0-master-master\target\classes started by Mohammad.Fareed in C:\Users\Mohammad.Fareed\Desktop\Task0-master-master)
2024-03-18 12:53:10  INFO - [  restartedMain] c.e.T.Task0Application                   : No active profile set, falling back to 1 default profile: "default"
2024-03-18 12:53:12  INFO - [  restartedMain] c.e.T.Task0Application                   : Starting Task0Application using Java 21.0.2 with PID 16284 (C:\Users\Mohammad.Fareed\Desktop\Task0-master-master\target\classes started by Mohammad.Fareed in C:\Users\Mohammad.Fareed\Desktop\Task0-master-master)
2024-03-18 12:53:12  INFO - [  restartedMain] c.e.T.Task0Application                   : No active profile set, falling back to 1 default profile: "default"
2024-03-18 12:53:13  INFO - [  restartedMain] c.e.T.Task0Application                   : Started Task0Application in 1.028 seconds (process running for 2116.764)
2024-03-18 12:53:18  INFO - [nio-8080-exec-2] c.e.T.Task0Application                   : User with Id:1 is updated
2024-03-18 12:53:22  INFO - [nio-8080-exec-3] c.e.T.Task0Application                   : User with Id:1 is updated
2024-03-18 12:55:27  INFO - [  restartedMain] c.e.T.Task0Application                   : Starting Task0Application using Java 21.0.2 with PID 16284 (C:\Users\Mohammad.Fareed\Desktop\Task0-master-master\target\classes started by Mohammad.Fareed in C:\Users\Mohammad.Fareed\Desktop\Task0-master-master)
2024-03-18 12:55:27  INFO - [  restartedMain] c.e.T.Task0Application                   : No active profile set, falling back to 1 default profile: "default"
2024-03-18 12:55:29  INFO - [  restartedMain] c.e.T.Task0Application                   : Starting Task0Application using Java 21.0.2 with PID 16284 (C:\Users\Mohammad.Fareed\Desktop\Task0-master-master\target\classes started by Mohammad.Fareed in C:\Users\Mohammad.Fareed\Desktop\Task0-master-master)
2024-03-18 12:55:29  INFO - [  restartedMain] c.e.T.Task0Application                   : No active profile set, falling back to 1 default profile: "default"
2024-03-18 12:55:30  INFO - [  restartedMain] c.e.T.Task0Application                   : Started Task0Application in 0.937 seconds (process running for 2254.384)
2024-03-18 12:55:32  INFO - [nio-8080-exec-2] c.e.T.Task0Application                   : User with Id:1 is updated
2024-03-18 12:55:43  INFO - [nio-8080-exec-3] c.e.T.Task0Application                   : User with Id:1 is updated
2024-03-18 12:56:19  INFO - [  restartedMain] c.e.T.Task0Application                   : Starting Task0Application using Java 21.0.2 with PID 16284 (C:\Users\Mohammad.Fareed\Desktop\Task0-master-master\target\classes started by Mohammad.Fareed in C:\Users\Mohammad.Fareed\Desktop\Task0-master-master)
2024-03-18 12:56:19  INFO - [  restartedMain] c.e.T.Task0Application                   : No active profile set, falling back to 1 default profile: "default"
2024-03-18 12:56:21  INFO - [  restartedMain] c.e.T.Task0Application                   : Starting Task0Application using Java 21.0.2 with PID 16284 (C:\Users\Mohammad.Fareed\Desktop\Task0-master-master\target\classes started by Mohammad.Fareed in C:\Users\Mohammad.Fareed\Desktop\Task0-master-master)
2024-03-18 12:56:21  INFO - [  restartedMain] c.e.T.Task0Application                   : No active profile set, falling back to 1 default profile: "default"
2024-03-18 12:56:22  INFO - [  restartedMain] c.e.T.Task0Application                   : Started Task0Application in 0.809 seconds (process running for 2305.699)
2024-03-18 12:56:25  INFO - [nio-8080-exec-2] c.e.T.Task0Application                   : User with Id:1 is updated
2024-03-18 13:09:15  INFO - [  restartedMain] c.e.T.Task0Application                   : Starting Task0Application using Java 21.0.2 with PID 16284 (C:\Users\Mohammad.Fareed\Desktop\Task0-master-master\target\classes started by Mohammad.Fareed in C:\Users\Mohammad.Fareed\Desktop\Task0-master-master)
2024-03-18 13:09:15  INFO - [  restartedMain] c.e.T.Task0Application                   : No active profile set, falling back to 1 default profile: "default"
2024-03-18 13:09:18  INFO - [  restartedMain] c.e.T.Task0Application                   : Starting Task0Application using Java 21.0.2 with PID 16284 (C:\Users\Mohammad.Fareed\Desktop\Task0-master-master\target\classes started by Mohammad.Fareed in C:\Users\Mohammad.Fareed\Desktop\Task0-master-master)
2024-03-18 13:09:18  INFO - [  restartedMain] c.e.T.Task0Application                   : No active profile set, falling back to 1 default profile: "default"
2024-03-18 13:09:19  INFO - [  restartedMain] c.e.T.Task0Application                   : Started Task0Application in 1.036 seconds (process running for 3082.698)
2024-03-18 13:09:21  INFO - [nio-8080-exec-2] c.e.T.Task0Application                   : User with Id:1 is updated
2024-03-18 13:12:07  INFO - [  restartedMain] c.e.T.Task0Application                   : Starting Task0Application using Java 21.0.2 with PID 16284 (C:\Users\Mohammad.Fareed\Desktop\Task0-master-master\target\classes started by Mohammad.Fareed in C:\Users\Mohammad.Fareed\Desktop\Task0-master-master)
2024-03-18 13:12:07  INFO - [  restartedMain] c.e.T.Task0Application                   : No active profile set, falling back to 1 default profile: "default"
2024-03-18 13:12:10  INFO - [  restartedMain] c.e.T.Task0Application                   : Starting Task0Application using Java 21.0.2 with PID 16284 (C:\Users\Mohammad.Fareed\Desktop\Task0-master-master\target\classes started by Mohammad.Fareed in C:\Users\Mohammad.Fareed\Desktop\Task0-master-master)
2024-03-18 13:12:10  INFO - [  restartedMain] c.e.T.Task0Application                   : No active profile set, falling back to 1 default profile: "default"
2024-03-18 13:12:10  INFO - [  restartedMain] c.e.T.Task0Application                   : Started Task0Application in 0.885 seconds (process running for 3254.633)
2024-03-18 13:12:25  INFO - [nio-8080-exec-1] c.e.T.Task0Application                   : User with Id:1 is updated
2024-03-18 13:47:29  INFO - [  restartedMain] c.e.T.Task0Application                   : Starting Task0Application using Java 21.0.2 with PID 16284 (C:\Users\Mohammad.Fareed\Desktop\Task0-master-master\target\classes started by Mohammad.Fareed in C:\Users\Mohammad.Fareed\Desktop\Task0-master-master)
2024-03-18 13:47:29  INFO - [  restartedMain] c.e.T.Task0Application                   : No active profile set, falling back to 1 default profile: "default"
2024-03-18 13:47:32  INFO - [  restartedMain] c.e.T.Task0Application                   : Starting Task0Application using Java 21.0.2 with PID 16284 (C:\Users\Mohammad.Fareed\Desktop\Task0-master-master\target\classes started by Mohammad.Fareed in C:\Users\Mohammad.Fareed\Desktop\Task0-master-master)
2024-03-18 13:47:32  INFO - [  restartedMain] c.e.T.Task0Application                   : No active profile set, falling back to 1 default profile: "default"
2024-03-18 13:47:33  INFO - [  restartedMain] c.e.T.Task0Application                   : Started Task0Application in 0.991 seconds (process running for 5377.351)
2024-03-18 13:47:41  INFO - [nio-8080-exec-2] c.e.T.Task0Application                   : User with Id:1 is updated
2024-03-18 13:53:45  INFO - [  restartedMain] c.e.T.Task0Application                   : Starting Task0Application using Java 21.0.2 with PID 16284 (C:\Users\Mohammad.Fareed\Desktop\Task0-master-master\target\classes started by Mohammad.Fareed in C:\Users\Mohammad.Fareed\Desktop\Task0-master-master)
2024-03-18 13:53:45  INFO - [  restartedMain] c.e.T.Task0Application                   : No active profile set, falling back to 1 default profile: "default"
2024-03-18 13:53:46  INFO - [  restartedMain] c.e.T.Task0Application                   : Started Task0Application in 1.254 seconds (process running for 5750.146)
2024-03-18 13:58:25  INFO - [  restartedMain] c.e.T.Task0Application                   : Starting Task0Application using Java 21.0.2 with PID 16284 (C:\Users\Mohammad.Fareed\Desktop\Task0-master-master\target\classes started by Mohammad.Fareed in C:\Users\Mohammad.Fareed\Desktop\Task0-master-master)
2024-03-18 13:58:25  INFO - [  restartedMain] c.e.T.Task0Application                   : No active profile set, falling back to 1 default profile: "default"
2024-03-18 13:58:26  INFO - [  restartedMain] c.e.T.Task0Application                   : Starting Task0Application using Java 21.0.2 with PID 16284 (C:\Users\Mohammad.Fareed\Desktop\Task0-master-master\target\classes started by Mohammad.Fareed in C:\Users\Mohammad.Fareed\Desktop\Task0-master-master)
2024-03-18 13:58:26  INFO - [  restartedMain] c.e.T.Task0Application                   : No active profile set, falling back to 1 default profile: "default"
2024-03-18 13:58:27  INFO - [  restartedMain] c.e.T.Task0Application                   : Started Task0Application in 1.094 seconds (process running for 6031.441)
2024-03-18 14:02:20  INFO - [  restartedMain] c.e.T.Task0Application                   : Starting Task0Application using Java 21.0.2 with PID 16284 (C:\Users\Mohammad.Fareed\Desktop\Task0-master-master\target\classes started by Mohammad.Fareed in C:\Users\Mohammad.Fareed\Desktop\Task0-master-master)
2024-03-18 14:02:20  INFO - [  restartedMain] c.e.T.Task0Application                   : No active profile set, falling back to 1 default profile: "default"
2024-03-18 14:02:23  INFO - [  restartedMain] c.e.T.Task0Application                   : Starting Task0Application using Java 21.0.2 with PID 16284 (C:\Users\Mohammad.Fareed\Desktop\Task0-master-master\target\classes started by Mohammad.Fareed in C:\Users\Mohammad.Fareed\Desktop\Task0-master-master)
2024-03-18 14:02:23  INFO - [  restartedMain] c.e.T.Task0Application                   : No active profile set, falling back to 1 default profile: "default"
2024-03-18 14:02:24  INFO - [  restartedMain] c.e.T.Task0Application                   : Started Task0Application in 0.96 seconds (process running for 6267.687)
2024-03-18 14:03:44  INFO - [  restartedMain] c.e.T.Task0Application                   : Starting Task0Application using Java 21.0.2 with PID 16284 (C:\Users\Mohammad.Fareed\Desktop\Task0-master-master\target\classes started by Mohammad.Fareed in C:\Users\Mohammad.Fareed\Desktop\Task0-master-master)
2024-03-18 14:03:44  INFO - [  restartedMain] c.e.T.Task0Application                   : No active profile set, falling back to 1 default profile: "default"
2024-03-18 14:03:45  INFO - [  restartedMain] c.e.T.Task0Application                   : Started Task0Application in 1.127 seconds (process running for 6349.079)
2024-03-18 14:03:47  INFO - [  restartedMain] c.e.T.Task0Application                   : Starting Task0Application using Java 21.0.2 with PID 16284 (C:\Users\Mohammad.Fareed\Desktop\Task0-master-master\target\classes started by Mohammad.Fareed in C:\Users\Mohammad.Fareed\Desktop\Task0-master-master)
2024-03-18 14:03:47  INFO - [  restartedMain] c.e.T.Task0Application                   : No active profile set, falling back to 1 default profile: "default"
2024-03-18 14:03:47  INFO - [  restartedMain] c.e.T.Task0Application                   : Started Task0Application in 0.937 seconds (process running for 6351.566)
2024-03-18 14:04:01  INFO - [nio-8080-exec-1] c.e.T.Task0Application                   : User with Id:1 is found
2024-03-18 14:04:04  INFO - [nio-8080-exec-3] c.e.T.Task0Application                   : User with Id:1 is found
2024-03-18 14:04:11  INFO - [nio-8080-exec-4] c.e.T.Task0Application                   : User with Id:1 is updated
2024-03-18 14:05:52  INFO - [  restartedMain] c.e.T.Task0Application                   : Starting Task0Application using Java 21.0.2 with PID 16284 (C:\Users\Mohammad.Fareed\Desktop\Task0-master-master\target\classes started by Mohammad.Fareed in C:\Users\Mohammad.Fareed\Desktop\Task0-master-master)
2024-03-18 14:05:52  INFO - [  restartedMain] c.e.T.Task0Application                   : No active profile set, falling back to 1 default profile: "default"
2024-03-18 14:05:54  INFO - [  restartedMain] c.e.T.Task0Application                   : Starting Task0Application using Java 21.0.2 with PID 16284 (C:\Users\Mohammad.Fareed\Desktop\Task0-master-master\target\classes started by Mohammad.Fareed in C:\Users\Mohammad.Fareed\Desktop\Task0-master-master)
2024-03-18 14:05:54  INFO - [  restartedMain] c.e.T.Task0Application                   : No active profile set, falling back to 1 default profile: "default"
2024-03-18 14:05:55  INFO - [  restartedMain] c.e.T.Task0Application                   : Started Task0Application in 0.736 seconds (process running for 6478.736)
2024-03-18 14:05:57  INFO - [nio-8080-exec-2] c.e.T.Task0Application                   : User with Id:1 is updated
2024-03-18 14:13:00  INFO - [  restartedMain] c.e.T.Task0Application                   : Starting Task0Application using Java 21.0.2 with PID 16284 (C:\Users\Mohammad.Fareed\Desktop\Task0-master-master\target\classes started by Mohammad.Fareed in C:\Users\Mohammad.Fareed\Desktop\Task0-master-master)
2024-03-18 14:13:00  INFO - [  restartedMain] c.e.T.Task0Application                   : No active profile set, falling back to 1 default profile: "default"
2024-03-18 14:13:02  INFO - [  restartedMain] c.e.T.Task0Application                   : Starting Task0Application using Java 21.0.2 with PID 16284 (C:\Users\Mohammad.Fareed\Desktop\Task0-master-master\target\classes started by Mohammad.Fareed in C:\Users\Mohammad.Fareed\Desktop\Task0-master-master)
2024-03-18 14:13:02  INFO - [  restartedMain] c.e.T.Task0Application                   : No active profile set, falling back to 1 default profile: "default"
2024-03-18 14:13:04  INFO - [  restartedMain] c.e.T.Task0Application                   : Started Task0Application in 1.741 seconds (process running for 6907.965)
2024-03-18 14:13:05  INFO - [  restartedMain] c.e.T.Task0Application                   : Starting Task0Application using Java 21.0.2 with PID 16284 (C:\Users\Mohammad.Fareed\Desktop\Task0-master-master\target\classes started by Mohammad.Fareed in C:\Users\Mohammad.Fareed\Desktop\Task0-master-master)
2024-03-18 14:13:05  INFO - [  restartedMain] c.e.T.Task0Application                   : No active profile set, falling back to 1 default profile: "default"
2024-03-18 14:13:07  INFO - [  restartedMain] c.e.T.Task0Application                   : Starting Task0Application using Java 21.0.2 with PID 16284 (C:\Users\Mohammad.Fareed\Desktop\Task0-master-master\target\classes started by Mohammad.Fareed in C:\Users\Mohammad.Fareed\Desktop\Task0-master-master)
2024-03-18 14:13:07  INFO - [  restartedMain] c.e.T.Task0Application                   : No active profile set, falling back to 1 default profile: "default"
2024-03-18 14:13:08  INFO - [  restartedMain] c.e.T.Task0Application                   : Started Task0Application in 1.564 seconds (process running for 6912.581)
2024-03-18 14:13:17  INFO - [nio-8080-exec-2] c.e.T.Task0Application                   : User with Id:1 is updated
2024-03-18 14:17:31  INFO - [  restartedMain] c.e.T.Task0Application                   : Starting Task0Application using Java 21.0.2 with PID 16284 (C:\Users\Mohammad.Fareed\Desktop\Task0-master-master\target\classes started by Mohammad.Fareed in C:\Users\Mohammad.Fareed\Desktop\Task0-master-master)
2024-03-18 14:17:31  INFO - [  restartedMain] c.e.T.Task0Application                   : No active profile set, falling back to 1 default profile: "default"
2024-03-18 14:17:33  INFO - [  restartedMain] c.e.T.Task0Application                   : Starting Task0Application using Java 21.0.2 with PID 16284 (C:\Users\Mohammad.Fareed\Desktop\Task0-master-master\target\classes started by Mohammad.Fareed in C:\Users\Mohammad.Fareed\Desktop\Task0-master-master)
2024-03-18 14:17:33  INFO - [  restartedMain] c.e.T.Task0Application                   : No active profile set, falling back to 1 default profile: "default"
2024-03-18 14:17:35  INFO - [  restartedMain] c.e.T.Task0Application                   : Started Task0Application in 1.538 seconds (process running for 7178.76)
2024-03-18 14:18:37  INFO - [  restartedMain] c.e.T.Task0Application                   : Starting Task0Application using Java 21.0.2 with PID 16284 (C:\Users\Mohammad.Fareed\Desktop\Task0-master-master\target\classes started by Mohammad.Fareed in C:\Users\Mohammad.Fareed\Desktop\Task0-master-master)
2024-03-18 14:18:37  INFO - [  restartedMain] c.e.T.Task0Application                   : No active profile set, falling back to 1 default profile: "default"
2024-03-18 14:18:39  INFO - [  restartedMain] c.e.T.Task0Application                   : Starting Task0Application using Java 21.0.2 with PID 16284 (C:\Users\Mohammad.Fareed\Desktop\Task0-master-master\target\classes started by Mohammad.Fareed in C:\Users\Mohammad.Fareed\Desktop\Task0-master-master)
2024-03-18 14:18:39  INFO - [  restartedMain] c.e.T.Task0Application                   : No active profile set, falling back to 1 default profile: "default"
2024-03-18 14:18:40  INFO - [  restartedMain] c.e.T.Task0Application                   : Started Task0Application in 1.161 seconds (process running for 7244.361)
2024-03-18 14:18:43  INFO - [nio-8080-exec-2] c.e.T.Task0Application                   : User with Id:1 is found
2024-03-18 14:18:44  INFO - [nio-8080-exec-3] c.e.T.Task0Application                   : User with Id:1 is found
2024-03-18 14:19:26  INFO - [nio-8080-exec-4] c.e.T.Task0Application                   : User with Id:1 is updated
2024-03-18 14:19:27  INFO - [nio-8080-exec-6] c.e.T.Task0Application                   : User with Id:1 is updated
2024-03-18 14:23:56  INFO - [  restartedMain] c.e.T.Task0Application                   : Starting Task0Application using Java 21.0.2 with PID 16284 (C:\Users\Mohammad.Fareed\Desktop\Task0-master-master\target\classes started by Mohammad.Fareed in C:\Users\Mohammad.Fareed\Desktop\Task0-master-master)
2024-03-18 14:23:56  INFO - [  restartedMain] c.e.T.Task0Application                   : No active profile set, falling back to 1 default profile: "default"
2024-03-18 14:23:58  INFO - [  restartedMain] c.e.T.Task0Application                   : Starting Task0Application using Java 21.0.2 with PID 16284 (C:\Users\Mohammad.Fareed\Desktop\Task0-master-master\target\classes started by Mohammad.Fareed in C:\Users\Mohammad.Fareed\Desktop\Task0-master-master)
2024-03-18 14:23:58  INFO - [  restartedMain] c.e.T.Task0Application                   : No active profile set, falling back to 1 default profile: "default"
2024-03-18 14:23:59  INFO - [  restartedMain] c.e.T.Task0Application                   : Started Task0Application in 1.136 seconds (process running for 7563.327)
2024-03-18 14:24:43  INFO - [nio-8080-exec-2] c.e.T.Task0Application                   : User with Id:1 is updated
2024-03-18 14:25:40  INFO - [  restartedMain] c.e.T.Task0Application                   : Starting Task0Application using Java 21.0.2 with PID 13524 (C:\Users\Mohammad.Fareed\Desktop\Task0-master-master\target\classes started by Mohammad.Fareed in C:\Users\Mohammad.Fareed\Desktop\Task0-master-master)
2024-03-18 14:25:40  INFO - [  restartedMain] c.e.T.Task0Application                   : No active profile set, falling back to 1 default profile: "default"
2024-03-18 14:25:45  INFO - [  restartedMain] c.e.T.Task0Application                   : Started Task0Application in 5.125 seconds (process running for 6.45)
2024-03-18 14:26:38  INFO - [nio-8080-exec-2] c.e.T.Task0Application                   : User with Id:1 is updated
2024-03-18 14:28:11  INFO - [  restartedMain] c.e.T.Task0Application                   : Starting Task0Application using Java 21.0.2 with PID 13524 (C:\Users\Mohammad.Fareed\Desktop\Task0-master-master\target\classes started by Mohammad.Fareed in C:\Users\Mohammad.Fareed\Desktop\Task0-master-master)
2024-03-18 14:28:11  INFO - [  restartedMain] c.e.T.Task0Application                   : No active profile set, falling back to 1 default profile: "default"
2024-03-18 14:28:13  INFO - [  restartedMain] c.e.T.Task0Application                   : Starting Task0Application using Java 21.0.2 with PID 13524 (C:\Users\Mohammad.Fareed\Desktop\Task0-master-master\target\classes started by Mohammad.Fareed in C:\Users\Mohammad.Fareed\Desktop\Task0-master-master)
2024-03-18 14:28:13  INFO - [  restartedMain] c.e.T.Task0Application                   : No active profile set, falling back to 1 default profile: "default"
2024-03-18 14:28:14  INFO - [  restartedMain] c.e.T.Task0Application                   : Started Task0Application in 0.928 seconds (process running for 156.321)
2024-03-18 14:29:20  INFO - [  restartedMain] c.e.T.Task0Application                   : Starting Task0Application using Java 21.0.2 with PID 10276 (C:\Users\Mohammad.Fareed\Desktop\Task0-master-master\target\classes started by Mohammad.Fareed in C:\Users\Mohammad.Fareed\Desktop\Task0-master-master)
2024-03-18 14:29:20  INFO - [  restartedMain] c.e.T.Task0Application                   : No active profile set, falling back to 1 default profile: "default"
2024-03-18 14:29:25  INFO - [  restartedMain] c.e.T.Task0Application                   : Started Task0Application in 5.142 seconds (process running for 6.341)
2024-03-18 14:29:37  INFO - [nio-8080-exec-2] c.e.T.Task0Application                   : User with Id:1 is updated
2024-03-18 14:30:59  INFO - [  restartedMain] c.e.T.Task0Application                   : Starting Task0Application using Java 21.0.2 with PID 10276 (C:\Users\Mohammad.Fareed\Desktop\Task0-master-master\target\classes started by Mohammad.Fareed in C:\Users\Mohammad.Fareed\Desktop\Task0-master-master)
2024-03-18 14:30:59  INFO - [  restartedMain] c.e.T.Task0Application                   : No active profile set, falling back to 1 default profile: "default"
2024-03-18 14:31:02  INFO - [  restartedMain] c.e.T.Task0Application                   : Starting Task0Application using Java 21.0.2 with PID 10276 (C:\Users\Mohammad.Fareed\Desktop\Task0-master-master\target\classes started by Mohammad.Fareed in C:\Users\Mohammad.Fareed\Desktop\Task0-master-master)
2024-03-18 14:31:02  INFO - [  restartedMain] c.e.T.Task0Application                   : No active profile set, falling back to 1 default profile: "default"
2024-03-18 14:31:03  INFO - [  restartedMain] c.e.T.Task0Application                   : Started Task0Application in 0.942 seconds (process running for 104.228)
2024-03-18 14:31:09  INFO - [nio-8080-exec-2] c.e.T.Task0Application                   : User with Id:1 is updated
2024-03-18 14:32:21  INFO - [  restartedMain] c.e.T.Task0Application                   : Starting Task0Application using Java 21.0.2 with PID 10276 (C:\Users\Mohammad.Fareed\Desktop\Task0-master-master\target\classes started by Mohammad.Fareed in C:\Users\Mohammad.Fareed\Desktop\Task0-master-master)
2024-03-18 14:32:21  INFO - [  restartedMain] c.e.T.Task0Application                   : No active profile set, falling back to 1 default profile: "default"
2024-03-18 14:32:22  INFO - [  restartedMain] c.e.T.Task0Application                   : Started Task0Application in 1.188 seconds (process running for 183.695)
2024-03-18 14:32:24  INFO - [  restartedMain] c.e.T.Task0Application                   : Starting Task0Application using Java 21.0.2 with PID 10276 (C:\Users\Mohammad.Fareed\Desktop\Task0-master-master\target\classes started by Mohammad.Fareed in C:\Users\Mohammad.Fareed\Desktop\Task0-master-master)
2024-03-18 14:32:24  INFO - [  restartedMain] c.e.T.Task0Application                   : No active profile set, falling back to 1 default profile: "default"
2024-03-18 14:32:25  INFO - [  restartedMain] c.e.T.Task0Application                   : Started Task0Application in 0.839 seconds (process running for 186.032)
2024-03-18 14:32:31  INFO - [nio-8080-exec-2] c.e.T.Task0Application                   : User with Id:1 is updated
2024-03-18 14:34:10  INFO - [  restartedMain] c.e.T.Task0Application                   : Starting Task0Application using Java 21.0.2 with PID 1564 (C:\Users\Mohammad.Fareed\Desktop\Task0-master-master\target\classes started by Mohammad.Fareed in C:\Users\Mohammad.Fareed\Desktop\Task0-master-master)
2024-03-18 14:34:10  INFO - [  restartedMain] c.e.T.Task0Application                   : No active profile set, falling back to 1 default profile: "default"
2024-03-18 14:34:17  INFO - [  restartedMain] c.e.T.Task0Application                   : Started Task0Application in 6.885 seconds (process running for 9.079)
2024-03-18 14:34:31  INFO - [nio-8080-exec-1] c.e.T.Task0Application                   : User with Id:1 is updated
2024-03-18 14:35:28  INFO - [nio-8080-exec-4] c.e.T.Task0Application                   : User with Id:1 is updated
2024-03-18 14:37:55  INFO - [io-8080-exec-10] c.e.T.Task0Application                   : New user was inserted
2024-03-18 14:40:12  INFO - [nio-8080-exec-2] c.e.T.Task0Application                   : User with Id:6 is updated
2024-03-18 14:40:26  INFO - [nio-8080-exec-7] c.e.T.Task0Application                   : User with Id:6 is updated
2024-03-18 14:47:51  INFO - [  restartedMain] c.e.T.Task0Application                   : Starting Task0Application using Java 21.0.2 with PID 10904 (C:\Users\Mohammad.Fareed\Desktop\Task0-master-master\target\classes started by Mohammad.Fareed in C:\Users\Mohammad.Fareed\Desktop\Task0-master-master)
2024-03-18 14:47:51  INFO - [  restartedMain] c.e.T.Task0Application                   : No active profile set, falling back to 1 default profile: "default"
2024-03-18 14:47:57  INFO - [  restartedMain] c.e.T.Task0Application                   : Started Task0Application in 6.8 seconds (process running for 8.333)
2024-03-18 14:48:02  INFO - [nio-8080-exec-1] c.e.T.Task0Application                   : User with Id:6 is updated
2024-03-18 14:48:10  INFO - [nio-8080-exec-2] c.e.T.Task0Application                   : User with Id:6 is updated
2024-03-18 14:49:44  INFO - [nio-8080-exec-6] c.e.T.Task0Application                   : User with Id:6 is updated
